<?xml version="1.0" encoding="UTF-8"?>
<!-- Generated by org.testng.reporters.JUnitXMLReporter -->
<testsuite ignored="0" hostname="bhushan-dhamange" failures="0" tests="11" name="Test case execution on Chrome browser" time="354.156" errors="0" timestamp="2023-11-25T23:57:34 IST">
  <testcase classname="QKART_TESTNG.QKART_Tests" name="TestCase01" time="8.611"/>
  <testcase classname="QKART_TESTNG.QKART_Tests" name="TestCase02" time="35.747"/>
  <testcase classname="QKART_TESTNG.QKART_Tests" name="TestCase03" time="35.481"/>
  <testcase classname="QKART_TESTNG.QKART_Tests" name="TestCase04" time="18.935"/>
  <testcase classname="QKART_TESTNG.QKART_Tests" name="TestCase05" time="24.111"/>
  <testcase classname="QKART_TESTNG.QKART_Tests" name="TestCase06" time="27.962"/>
  <testcase classname="QKART_TESTNG.QKART_Tests" name="TestCase07" time="144.446"/>
  <testcase classname="QKART_TESTNG.QKART_Tests" name="TestCase08" time="16.565"/>
  <testcase classname="QKART_TESTNG.QKART_Tests" name="TestCase09" time="8.056"/>
  <testcase classname="QKART_TESTNG.QKART_Tests" name="TestCase10" time="2.314"/>
  <testcase classname="QKART_TESTNG.QKART_Tests" name="TestCase11" time="26.035"/>
</testsuite> <!-- Test case execution on Chrome browser -->
